[ 2019-02-25T10:31:42+08:00 ] 192.168.123.57 /alipay/test/index.php/pay
INFO: [ app_init ] --START--
INFO: Run Behavior\BuildLiteBehavior [ RunTime:0.000024s ]
INFO: [ app_init ] --END-- [ RunTime:0.064216s ]
INFO: [ app_begin ] --START--
INFO: Run Behavior\ReadHtmlCacheBehavior [ RunTime:0.017276s ]
INFO: [ app_begin ] --END-- [ RunTime:0.017336s ]
INFO: [ view_parse ] --START--
INFO: [ template_filter ] --START--
INFO: Run Behavior\ContentReplaceBehavior [ RunTime:0.026459s ]
INFO: [ template_filter ] --END-- [ RunTime:0.026511s ]
INFO: Run Behavior\ParseTemplateBehavior [ RunTime:0.125193s ]
INFO: [ view_parse ] --END-- [ RunTime:0.125232s ]
INFO: [ view_filter ] --START--
INFO: Run Behavior\WriteHtmlCacheBehavior [ RunTime:0.032016s ]
INFO: [ view_filter ] --END-- [ RunTime:0.032087s ]
INFO: [ app_end ] --START--
INFO: Run Behavior\ShowPageTraceBehavior [ RunTime:0.040553s ]
INFO: [ app_end ] --END-- [ RunTime:0.040644s ]

[ 2019-02-25T10:31:44+08:00 ] 192.168.123.57 /alipay/test/index.php/Pay/Payold/index.html
INFO: [ app_init ] --START--
INFO: Run Behavior\BuildLiteBehavior [ RunTime:0.000033s ]
INFO: [ app_init ] --END-- [ RunTime:0.000936s ]
INFO: [ app_begin ] --START--
INFO: Run Behavior\ReadHtmlCacheBehavior [ RunTime:0.001267s ]
INFO: [ app_begin ] --END-- [ RunTime:0.001417s ]

[ 2019-02-25T10:31:44+08:00 ] 192.168.123.57 /alipay/test/index.php/Pay/Payold/wxredrict?out_trade_no=2019225103252329&subject=%E6%B5%8B%E8%AF%95&total_fee=0.01&show_url=&body=%E8%BF%99%E6%98%AF%E6%B5%8B%E8%AF%95%E5%95%86%E5%93%81
INFO: [ app_init ] --START--
INFO: Run Behavior\BuildLiteBehavior [ RunTime:0.000034s ]
INFO: [ app_init ] --END-- [ RunTime:0.000965s ]
INFO: [ app_begin ] --START--
INFO: Run Behavior\ReadHtmlCacheBehavior [ RunTime:0.001208s ]
INFO: [ app_begin ] --END-- [ RunTime:0.001346s ]
INFO: [ app_end ] --START--
INFO: Run Behavior\ShowPageTraceBehavior [ RunTime:0.001254s ]
INFO: [ app_end ] --END-- [ RunTime:0.001466s ]

[ 2019-02-25T10:57:35+08:00 ] 192.168.123.57 /alipay/test/index.php/pay
INFO: [ app_init ] --START--
INFO: Run Behavior\BuildLiteBehavior [ RunTime:0.000016s ]
INFO: [ app_init ] --END-- [ RunTime:0.000792s ]
INFO: [ app_begin ] --START--
INFO: Run Behavior\ReadHtmlCacheBehavior [ RunTime:0.000746s ]
INFO: [ app_begin ] --END-- [ RunTime:0.000814s ]
INFO: [ view_parse ] --START--
INFO: [ template_filter ] --START--
INFO: Run Behavior\ContentReplaceBehavior [ RunTime:0.000052s ]
INFO: [ template_filter ] --END-- [ RunTime:0.000118s ]
INFO: Run Behavior\ParseTemplateBehavior [ RunTime:0.008109s ]
INFO: [ view_parse ] --END-- [ RunTime:0.008175s ]
INFO: [ view_filter ] --START--
INFO: Run Behavior\WriteHtmlCacheBehavior [ RunTime:0.000450s ]
INFO: [ view_filter ] --END-- [ RunTime:0.000498s ]
INFO: [ app_end ] --START--
INFO: Run Behavior\ShowPageTraceBehavior [ RunTime:0.000727s ]
INFO: [ app_end ] --END-- [ RunTime:0.000784s ]

[ 2019-02-25T10:57:37+08:00 ] 192.168.123.57 /alipay/test/index.php/Pay/Payold/index.html
INFO: [ app_init ] --START--
INFO: Run Behavior\BuildLiteBehavior [ RunTime:0.000032s ]
INFO: [ app_init ] --END-- [ RunTime:0.000933s ]
INFO: [ app_begin ] --START--
INFO: Run Behavior\ReadHtmlCacheBehavior [ RunTime:0.001198s ]
INFO: [ app_begin ] --END-- [ RunTime:0.001338s ]

[ 2019-02-25T10:58:25+08:00 ] 192.168.123.57 /alipay/test/index.php/Pay/Payold/index.html
INFO: [ app_init ] --START--
INFO: Run Behavior\BuildLiteBehavior [ RunTime:0.000017s ]
INFO: [ app_init ] --END-- [ RunTime:0.000507s ]
INFO: [ app_begin ] --START--
INFO: Run Behavior\ReadHtmlCacheBehavior [ RunTime:0.000682s ]
INFO: [ app_begin ] --END-- [ RunTime:0.000760s ]

[ 2019-02-25T10:58:25+08:00 ] 192.168.123.57 /alipay/test/index.php/Pay/Payold/wxredrict?out_trade_no=2019225105845637&subject=%E6%B5%8B%E8%AF%95&total_fee=0.01&show_url=&body=%E8%BF%99%E6%98%AF%E6%B5%8B%E8%AF%95%E5%95%86%E5%93%81
INFO: [ app_init ] --START--
INFO: Run Behavior\BuildLiteBehavior [ RunTime:0.000018s ]
INFO: [ app_init ] --END-- [ RunTime:0.000514s ]
INFO: [ app_begin ] --START--
INFO: Run Behavior\ReadHtmlCacheBehavior [ RunTime:0.000660s ]
INFO: [ app_begin ] --END-- [ RunTime:0.000736s ]
INFO: [ app_end ] --START--
INFO: Run Behavior\ShowPageTraceBehavior [ RunTime:0.000730s ]
INFO: [ app_end ] --END-- [ RunTime:0.000808s ]

[ 2019-02-25T11:01:28+08:00 ] 192.168.123.57 /alipay/test/index.php/Pay/Payold/wxredrict?out_trade_no=2019225105845637&subject=%E6%B5%8B%E8%AF%95&total_fee=0.01&show_url=&body=%E8%BF%99%E6%98%AF%E6%B5%8B%E8%AF%95%E5%95%86%E5%93%81
INFO: [ app_init ] --START--
INFO: Run Behavior\BuildLiteBehavior [ RunTime:0.000019s ]
INFO: [ app_init ] --END-- [ RunTime:0.000591s ]
INFO: [ app_begin ] --START--
INFO: Run Behavior\ReadHtmlCacheBehavior [ RunTime:0.000846s ]
INFO: [ app_begin ] --END-- [ RunTime:0.000923s ]
INFO: [ app_end ] --START--
INFO: Run Behavior\ShowPageTraceBehavior [ RunTime:0.000831s ]
INFO: [ app_end ] --END-- [ RunTime:0.000906s ]

[ 2019-02-25T11:02:41+08:00 ] 192.168.123.57 /alipay/test/index.php/Pay/Payold/wxredrict?out_trade_no=2019225105845637&subject=%E6%B5%8B%E8%AF%95&total_fee=0.01&show_url=&body=%E8%BF%99%E6%98%AF%E6%B5%8B%E8%AF%95%E5%95%86%E5%93%81
INFO: [ app_init ] --START--
INFO: Run Behavior\BuildLiteBehavior [ RunTime:0.000008s ]
INFO: [ app_init ] --END-- [ RunTime:0.000208s ]
INFO: [ app_begin ] --START--
INFO: Run Behavior\ReadHtmlCacheBehavior [ RunTime:0.000292s ]
INFO: [ app_begin ] --END-- [ RunTime:0.000323s ]
INFO: [ app_end ] --START--
INFO: Run Behavior\ShowPageTraceBehavior [ RunTime:0.000283s ]
INFO: [ app_end ] --END-- [ RunTime:0.000312s ]

[ 2019-02-25T11:05:35+08:00 ] 192.168.123.57 /alipay/test/index.php/Pay/Payold/wxredrict?out_trade_no=2019225105845637&subject=%E6%B5%8B%E8%AF%95&total_fee=0.01&show_url=&body=%E8%BF%99%E6%98%AF%E6%B5%8B%E8%AF%95%E5%95%86%E5%93%81
INFO: [ app_init ] --START--
INFO: Run Behavior\BuildLiteBehavior [ RunTime:0.000021s ]
INFO: [ app_init ] --END-- [ RunTime:0.000741s ]
INFO: [ app_begin ] --START--
INFO: Run Behavior\ReadHtmlCacheBehavior [ RunTime:0.000977s ]
INFO: [ app_begin ] --END-- [ RunTime:0.001069s ]
INFO: [ app_end ] --START--
INFO: Run Behavior\ShowPageTraceBehavior [ RunTime:0.000945s ]
INFO: [ app_end ] --END-- [ RunTime:0.001032s ]

[ 2019-02-25T11:05:48+08:00 ] 192.168.123.57 /alipay/test/index.php/Pay/Payold/wxredrict?out_trade_no=2019225105845637&subject=%E6%B5%8B%E8%AF%95&total_fee=0.01&show_url=&body=%E8%BF%99%E6%98%AF%E6%B5%8B%E8%AF%95%E5%95%86%E5%93%81
INFO: [ app_init ] --START--
INFO: Run Behavior\BuildLiteBehavior [ RunTime:0.000032s ]
INFO: [ app_init ] --END-- [ RunTime:0.000925s ]
INFO: [ app_begin ] --START--
INFO: Run Behavior\ReadHtmlCacheBehavior [ RunTime:0.001203s ]
INFO: [ app_begin ] --END-- [ RunTime:0.001340s ]
INFO: [ app_end ] --START--
INFO: Run Behavior\ShowPageTraceBehavior [ RunTime:0.001280s ]
INFO: [ app_end ] --END-- [ RunTime:0.001417s ]

[ 2019-02-25T11:05:55+08:00 ] 192.168.123.57 /alipay/test/index.php/Pay/Payold/wxredrict?out_trade_no=2019225105845637&subject=%E6%B5%8B%E8%AF%95&total_fee=0.01&show_url=&body=%E8%BF%99%E6%98%AF%E6%B5%8B%E8%AF%95%E5%95%86%E5%93%81
INFO: [ app_init ] --START--
INFO: Run Behavior\BuildLiteBehavior [ RunTime:0.000019s ]
INFO: [ app_init ] --END-- [ RunTime:0.000503s ]
INFO: [ app_begin ] --START--
INFO: Run Behavior\ReadHtmlCacheBehavior [ RunTime:0.000652s ]
INFO: [ app_begin ] --END-- [ RunTime:0.000727s ]
INFO: [ app_end ] --START--
INFO: Run Behavior\ShowPageTraceBehavior [ RunTime:0.000677s ]
INFO: [ app_end ] --END-- [ RunTime:0.000752s ]

[ 2019-02-25T11:06:41+08:00 ] 192.168.123.57 /alipay/test/index.php/Pay/Payold/wxredrict?out_trade_no=2019225105845637&subject=%E6%B5%8B%E8%AF%95&total_fee=0.01&show_url=&body=%E8%BF%99%E6%98%AF%E6%B5%8B%E8%AF%95%E5%95%86%E5%93%81
INFO: [ app_init ] --START--
INFO: Run Behavior\BuildLiteBehavior [ RunTime:0.000032s ]
INFO: [ app_init ] --END-- [ RunTime:0.000942s ]
INFO: [ app_begin ] --START--
INFO: Run Behavior\ReadHtmlCacheBehavior [ RunTime:0.000673s ]
INFO: [ app_begin ] --END-- [ RunTime:0.000748s ]
INFO: [ app_end ] --START--
INFO: Run Behavior\ShowPageTraceBehavior [ RunTime:0.000695s ]
INFO: [ app_end ] --END-- [ RunTime:0.000769s ]

[ 2019-02-25T11:06:53+08:00 ] 192.168.123.57 /alipay/test/index.php/Pay/Payold/wxredrict?out_trade_no=2019225105845637&subject=%E6%B5%8B%E8%AF%95&total_fee=0.01&show_url=&body=%E8%BF%99%E6%98%AF%E6%B5%8B%E8%AF%95%E5%95%86%E5%93%81
INFO: [ app_init ] --START--
INFO: Run Behavior\BuildLiteBehavior [ RunTime:0.000017s ]
INFO: [ app_init ] --END-- [ RunTime:0.000511s ]
INFO: [ app_begin ] --START--
INFO: Run Behavior\ReadHtmlCacheBehavior [ RunTime:0.000658s ]
INFO: [ app_begin ] --END-- [ RunTime:0.000733s ]
INFO: [ app_end ] --START--
INFO: Run Behavior\ShowPageTraceBehavior [ RunTime:0.000680s ]
INFO: [ app_end ] --END-- [ RunTime:0.000754s ]

[ 2019-02-25T11:06:57+08:00 ] 192.168.123.57 /alipay/test/index.php/Pay/Payold/wxredrict?out_trade_no=2019225105845637&subject=%E6%B5%8B%E8%AF%95&total_fee=0.01&show_url=&body=%E8%BF%99%E6%98%AF%E6%B5%8B%E8%AF%95%E5%95%86%E5%93%81
INFO: [ app_init ] --START--
INFO: Run Behavior\BuildLiteBehavior [ RunTime:0.000032s ]
INFO: [ app_init ] --END-- [ RunTime:0.000930s ]
INFO: [ app_begin ] --START--
INFO: Run Behavior\ReadHtmlCacheBehavior [ RunTime:0.001211s ]
INFO: [ app_begin ] --END-- [ RunTime:0.001347s ]
INFO: [ app_end ] --START--
INFO: Run Behavior\ShowPageTraceBehavior [ RunTime:0.001260s ]
INFO: [ app_end ] --END-- [ RunTime:0.001396s ]

[ 2019-02-25T11:07:23+08:00 ] 192.168.123.57 /alipay/test/index.php/Pay/Payold/wxredrict?out_trade_no=2019225105845637&subject=%E6%B5%8B%E8%AF%95&total_fee=0.01&show_url=&body=%E8%BF%99%E6%98%AF%E6%B5%8B%E8%AF%95%E5%95%86%E5%93%81
INFO: [ app_init ] --START--
INFO: Run Behavior\BuildLiteBehavior [ RunTime:0.000018s ]
INFO: [ app_init ] --END-- [ RunTime:0.000515s ]
INFO: [ app_begin ] --START--
INFO: Run Behavior\ReadHtmlCacheBehavior [ RunTime:0.000659s ]
INFO: [ app_begin ] --END-- [ RunTime:0.000733s ]
INFO: [ app_end ] --START--
INFO: Run Behavior\ShowPageTraceBehavior [ RunTime:0.000677s ]
INFO: [ app_end ] --END-- [ RunTime:0.000754s ]

[ 2019-02-25T11:50:28+08:00 ] 192.168.123.57 /alipay/test/index.php/pay
INFO: [ app_init ] --START--
INFO: Run Behavior\BuildLiteBehavior [ RunTime:0.000034s ]
INFO: [ app_init ] --END-- [ RunTime:0.001156s ]
INFO: [ app_begin ] --START--
INFO: Run Behavior\ReadHtmlCacheBehavior [ RunTime:0.000941s ]
INFO: [ app_begin ] --END-- [ RunTime:0.001018s ]
INFO: [ view_parse ] --START--
INFO: [ template_filter ] --START--
INFO: Run Behavior\ContentReplaceBehavior [ RunTime:0.000053s ]
INFO: [ template_filter ] --END-- [ RunTime:0.000126s ]
INFO: Run Behavior\ParseTemplateBehavior [ RunTime:0.024104s ]
INFO: [ view_parse ] --END-- [ RunTime:0.024183s ]
INFO: [ view_filter ] --START--
INFO: Run Behavior\WriteHtmlCacheBehavior [ RunTime:0.000518s ]
INFO: [ view_filter ] --END-- [ RunTime:0.000566s ]
INFO: [ app_end ] --START--
INFO: Run Behavior\ShowPageTraceBehavior [ RunTime:0.000768s ]
INFO: [ app_end ] --END-- [ RunTime:0.000825s ]

[ 2019-02-25T11:50:31+08:00 ] 192.168.123.57 /alipay/test/index.php/Pay/Payold/index.html
INFO: [ app_init ] --START--
INFO: Run Behavior\BuildLiteBehavior [ RunTime:0.000021s ]
INFO: [ app_init ] --END-- [ RunTime:0.000585s ]
INFO: [ app_begin ] --START--
INFO: Run Behavior\ReadHtmlCacheBehavior [ RunTime:0.000743s ]
INFO: [ app_begin ] --END-- [ RunTime:0.000830s ]

[ 2019-02-25T11:50:31+08:00 ] 192.168.123.57 /alipay/test/index.php/Pay/Payold/wxredrict?out_trade_no=2019225115138437&subject=%E6%B5%8B%E8%AF%95&total_fee=0.01&show_url=&body=%E8%BF%99%E6%98%AF%E6%B5%8B%E8%AF%95%E5%95%86%E5%93%81
INFO: [ app_init ] --START--
INFO: Run Behavior\BuildLiteBehavior [ RunTime:0.000010s ]
INFO: [ app_init ] --END-- [ RunTime:0.000297s ]
INFO: [ app_begin ] --START--
INFO: Run Behavior\ReadHtmlCacheBehavior [ RunTime:0.000377s ]
INFO: [ app_begin ] --END-- [ RunTime:0.000420s ]
INFO: [ app_end ] --START--
INFO: Run Behavior\ShowPageTraceBehavior [ RunTime:0.000395s ]
INFO: [ app_end ] --END-- [ RunTime:0.000439s ]

[ 2019-02-25T11:50:47+08:00 ] 192.168.123.57 /alipay/test/index.php/Pay/Payold/wxredrict?out_trade_no=2019225115138437&subject=%E6%B5%8B%E8%AF%95&total_fee=0.01&show_url=&body=%E8%BF%99%E6%98%AF%E6%B5%8B%E8%AF%95%E5%95%86%E5%93%81
INFO: [ app_init ] --START--
INFO: Run Behavior\BuildLiteBehavior [ RunTime:0.000019s ]
INFO: [ app_init ] --END-- [ RunTime:0.000524s ]
INFO: [ app_begin ] --START--
INFO: Run Behavior\ReadHtmlCacheBehavior [ RunTime:0.000662s ]
INFO: [ app_begin ] --END-- [ RunTime:0.000742s ]
INFO: [ app_end ] --START--
INFO: Run Behavior\ShowPageTraceBehavior [ RunTime:0.000677s ]
INFO: [ app_end ] --END-- [ RunTime:0.000751s ]

[ 2019-02-25T11:50:56+08:00 ] 192.168.123.57 /alipay/test/index.php/Pay/Payold/wxredrict?out_trade_no=2019225115138437&subject=%E6%B5%8B%E8%AF%95&total_fee=0.01&show_url=&body=%E8%BF%99%E6%98%AF%E6%B5%8B%E8%AF%95%E5%95%86%E5%93%81
INFO: [ app_init ] --START--
INFO: Run Behavior\BuildLiteBehavior [ RunTime:0.000016s ]
INFO: [ app_init ] --END-- [ RunTime:0.000469s ]
INFO: [ app_begin ] --START--
INFO: Run Behavior\ReadHtmlCacheBehavior [ RunTime:0.000580s ]
INFO: [ app_begin ] --END-- [ RunTime:0.000647s ]
INFO: [ app_end ] --START--
INFO: Run Behavior\ShowPageTraceBehavior [ RunTime:0.000616s ]
INFO: [ app_end ] --END-- [ RunTime:0.000685s ]

[ 2019-02-25T11:51:25+08:00 ] 192.168.123.57 /alipay/test/index.php/Pay/Payold/wxredrict?out_trade_no=2019225115138437&subject=%E6%B5%8B%E8%AF%95&total_fee=0.01&show_url=&body=%E8%BF%99%E6%98%AF%E6%B5%8B%E8%AF%95%E5%95%86%E5%93%81
INFO: [ app_init ] --START--
INFO: Run Behavior\BuildLiteBehavior [ RunTime:0.000018s ]
INFO: [ app_init ] --END-- [ RunTime:0.000516s ]
INFO: [ app_begin ] --START--
INFO: Run Behavior\ReadHtmlCacheBehavior [ RunTime:0.000654s ]
INFO: [ app_begin ] --END-- [ RunTime:0.000729s ]
INFO: [ app_end ] --START--
INFO: Run Behavior\ShowPageTraceBehavior [ RunTime:0.000680s ]
INFO: [ app_end ] --END-- [ RunTime:0.000755s ]

[ 2019-02-25T11:53:29+08:00 ] 192.168.123.57 /alipay/test/index.php/Pay/Payold/wxredrict?out_trade_no=2019225115138437&subject=%E6%B5%8B%E8%AF%95&total_fee=0.01&show_url=&body=%E8%BF%99%E6%98%AF%E6%B5%8B%E8%AF%95%E5%95%86%E5%93%81
INFO: [ app_init ] --START--
INFO: Run Behavior\BuildLiteBehavior [ RunTime:0.000023s ]
INFO: [ app_init ] --END-- [ RunTime:0.000696s ]
INFO: [ app_begin ] --START--
INFO: Run Behavior\ReadHtmlCacheBehavior [ RunTime:0.000985s ]
INFO: [ app_begin ] --END-- [ RunTime:0.001076s ]
INFO: [ app_end ] --START--
INFO: Run Behavior\ShowPageTraceBehavior [ RunTime:0.000951s ]
INFO: [ app_end ] --END-- [ RunTime:0.001041s ]

[ 2019-02-25T11:54:19+08:00 ] 192.168.123.57 /alipay/test/index.php/Pay/Payold/wxredrict?out_trade_no=2019225115138437&subject=%E6%B5%8B%E8%AF%95&total_fee=0.01&show_url=&body=%E8%BF%99%E6%98%AF%E6%B5%8B%E8%AF%95%E5%95%86%E5%93%81
INFO: [ app_init ] --START--
INFO: Run Behavior\BuildLiteBehavior [ RunTime:0.000032s ]
INFO: [ app_init ] --END-- [ RunTime:0.000925s ]
INFO: [ app_begin ] --START--
INFO: Run Behavior\ReadHtmlCacheBehavior [ RunTime:0.001291s ]
INFO: [ app_begin ] --END-- [ RunTime:0.001444s ]
INFO: [ app_end ] --START--
INFO: Run Behavior\ShowPageTraceBehavior [ RunTime:0.001240s ]
INFO: [ app_end ] --END-- [ RunTime:0.001379s ]

[ 2019-02-25T11:54:23+08:00 ] 192.168.123.57 /alipay/test/index.php/Pay/Payold/wxredrict?out_trade_no=2019225115138437&subject=%E6%B5%8B%E8%AF%95&total_fee=0.01&show_url=&body=%E8%BF%99%E6%98%AF%E6%B5%8B%E8%AF%95%E5%95%86%E5%93%81
INFO: [ app_init ] --START--
INFO: Run Behavior\BuildLiteBehavior [ RunTime:0.000031s ]
INFO: [ app_init ] --END-- [ RunTime:0.000923s ]
INFO: [ app_begin ] --START--
INFO: Run Behavior\ReadHtmlCacheBehavior [ RunTime:0.001200s ]
INFO: [ app_begin ] --END-- [ RunTime:0.001336s ]
INFO: [ app_end ] --START--
INFO: Run Behavior\ShowPageTraceBehavior [ RunTime:0.001230s ]
INFO: [ app_end ] --END-- [ RunTime:0.001374s ]

[ 2019-02-25T11:54:30+08:00 ] 192.168.123.57 /alipay/test/index.php/Pay/Payold/wxredrict?out_trade_no=2019225115138437&subject=%E6%B5%8B%E8%AF%95&total_fee=0.01&show_url=&body=%E8%BF%99%E6%98%AF%E6%B5%8B%E8%AF%95%E5%95%86%E5%93%81
INFO: [ app_init ] --START--
INFO: Run Behavior\BuildLiteBehavior [ RunTime:0.000010s ]
INFO: [ app_init ] --END-- [ RunTime:0.000290s ]
INFO: [ app_begin ] --START--
INFO: Run Behavior\ReadHtmlCacheBehavior [ RunTime:0.000356s ]
INFO: [ app_begin ] --END-- [ RunTime:0.000396s ]
INFO: [ app_end ] --START--
INFO: Run Behavior\ShowPageTraceBehavior [ RunTime:0.000364s ]
INFO: [ app_end ] --END-- [ RunTime:0.000404s ]

[ 2019-02-25T11:54:50+08:00 ] 192.168.123.57 /alipay/test/index.php/Pay/Payold/wxredrict?out_trade_no=2019225115138437&subject=%E6%B5%8B%E8%AF%95&total_fee=0.01&show_url=&body=%E8%BF%99%E6%98%AF%E6%B5%8B%E8%AF%95%E5%95%86%E5%93%81
INFO: [ app_init ] --START--
INFO: Run Behavior\BuildLiteBehavior [ RunTime:0.000033s ]
INFO: [ app_init ] --END-- [ RunTime:0.000929s ]
INFO: [ app_begin ] --START--
INFO: Run Behavior\ReadHtmlCacheBehavior [ RunTime:0.001205s ]
INFO: [ app_begin ] --END-- [ RunTime:0.001343s ]
INFO: [ app_end ] --START--
INFO: Run Behavior\ShowPageTraceBehavior [ RunTime:0.001238s ]
INFO: [ app_end ] --END-- [ RunTime:0.001380s ]

[ 2019-02-25T11:55:26+08:00 ] 192.168.123.57 /alipay/test/index.php/Pay/Payold/wxredrict?out_trade_no=2019225115138437&subject=%E6%B5%8B%E8%AF%95&total_fee=0.01&show_url=&body=%E8%BF%99%E6%98%AF%E6%B5%8B%E8%AF%95%E5%95%86%E5%93%81
INFO: [ app_init ] --START--
INFO: Run Behavior\BuildLiteBehavior [ RunTime:0.000014s ]
INFO: [ app_init ] --END-- [ RunTime:0.000386s ]
INFO: [ app_begin ] --START--
INFO: Run Behavior\ReadHtmlCacheBehavior [ RunTime:0.000494s ]
INFO: [ app_begin ] --END-- [ RunTime:0.000550s ]
INFO: [ app_end ] --START--
INFO: Run Behavior\ShowPageTraceBehavior [ RunTime:0.000504s ]
INFO: [ app_end ] --END-- [ RunTime:0.000561s ]

[ 2019-02-25T11:56:17+08:00 ] 192.168.123.57 /alipay/test/index.php/Pay/Payold/wxredrict?out_trade_no=2019225115138437&subject=%E6%B5%8B%E8%AF%95&total_fee=0.01&show_url=&body=%E8%BF%99%E6%98%AF%E6%B5%8B%E8%AF%95%E5%95%86%E5%93%81
INFO: [ app_init ] --START--
INFO: Run Behavior\BuildLiteBehavior [ RunTime:0.000033s ]
INFO: [ app_init ] --END-- [ RunTime:0.001066s ]
INFO: [ app_begin ] --START--
INFO: Run Behavior\ReadHtmlCacheBehavior [ RunTime:0.001547s ]
INFO: [ app_begin ] --END-- [ RunTime:0.001691s ]
INFO: [ app_end ] --START--
INFO: Run Behavior\ShowPageTraceBehavior [ RunTime:0.001637s ]
INFO: [ app_end ] --END-- [ RunTime:0.001783s ]

[ 2019-02-25T11:56:40+08:00 ] 192.168.123.57 /alipay/test/index.php/Pay/Payold/wxredrict?out_trade_no=2019225115138437&subject=%E6%B5%8B%E8%AF%95&total_fee=0.01&show_url=&body=%E8%BF%99%E6%98%AF%E6%B5%8B%E8%AF%95%E5%95%86%E5%93%81
INFO: [ app_init ] --START--
INFO: Run Behavior\BuildLiteBehavior [ RunTime:0.000019s ]
INFO: [ app_init ] --END-- [ RunTime:0.000560s ]
INFO: [ app_begin ] --START--
INFO: Run Behavior\ReadHtmlCacheBehavior [ RunTime:0.000665s ]
INFO: [ app_begin ] --END-- [ RunTime:0.000742s ]
INFO: [ app_end ] --START--
INFO: Run Behavior\ShowPageTraceBehavior [ RunTime:0.000716s ]
INFO: [ app_end ] --END-- [ RunTime:0.000793s ]

[ 2019-02-25T11:59:37+08:00 ] 192.168.123.57 /alipay/test/index.php/Pay/Payold/wxredrict?out_trade_no=2019225115138437&subject=%E6%B5%8B%E8%AF%95&total_fee=0.01&show_url=&body=%E8%BF%99%E6%98%AF%E6%B5%8B%E8%AF%95%E5%95%86%E5%93%81
INFO: [ app_init ] --START--
INFO: Run Behavior\BuildLiteBehavior [ RunTime:0.000022s ]
INFO: [ app_init ] --END-- [ RunTime:0.000679s ]
INFO: [ app_begin ] --START--
INFO: Run Behavior\ReadHtmlCacheBehavior [ RunTime:0.000973s ]
INFO: [ app_begin ] --END-- [ RunTime:0.001062s ]
INFO: [ app_end ] --START--
INFO: Run Behavior\ShowPageTraceBehavior [ RunTime:0.001033s ]
INFO: [ app_end ] --END-- [ RunTime:0.001122s ]

[ 2019-02-25T12:00:11+08:00 ] 192.168.123.57 /alipay/test/index.php/Pay/Payold/wxredrict?out_trade_no=2019225115138437&subject=%E6%B5%8B%E8%AF%95&total_fee=0.01&show_url=&body=%E8%BF%99%E6%98%AF%E6%B5%8B%E8%AF%95%E5%95%86%E5%93%81
INFO: [ app_init ] --START--
INFO: Run Behavior\BuildLiteBehavior [ RunTime:0.000015s ]
INFO: [ app_init ] --END-- [ RunTime:0.000447s ]
INFO: [ app_begin ] --START--
INFO: Run Behavior\ReadHtmlCacheBehavior [ RunTime:0.000582s ]
INFO: [ app_begin ] --END-- [ RunTime:0.000647s ]
INFO: [ app_end ] --START--
INFO: Run Behavior\ShowPageTraceBehavior [ RunTime:0.000598s ]
INFO: [ app_end ] --END-- [ RunTime:0.000665s ]

[ 2019-02-25T13:21:52+08:00 ] 192.168.123.57 /alipay/test/index.php/Pay/Payold/wxredrict?out_trade_no=2019225115138437&subject=%E6%B5%8B%E8%AF%95&total_fee=0.01&show_url=&body=%E8%BF%99%E6%98%AF%E6%B5%8B%E8%AF%95%E5%95%86%E5%93%81
INFO: [ app_init ] --START--
INFO: Run Behavior\BuildLiteBehavior [ RunTime:0.000018s ]
INFO: [ app_init ] --END-- [ RunTime:0.000700s ]
INFO: [ app_begin ] --START--
INFO: Run Behavior\ReadHtmlCacheBehavior [ RunTime:0.000880s ]
INFO: [ app_begin ] --END-- [ RunTime:0.000957s ]
INFO: [ app_end ] --START--
INFO: Run Behavior\ShowPageTraceBehavior [ RunTime:0.000865s ]
INFO: [ app_end ] --END-- [ RunTime:0.000940s ]

[ 2019-02-25T13:22:51+08:00 ] 192.168.123.57 /alipay/test/index.php/Pay/Payold/wxredrict?out_trade_no=2019225115138437&subject=%E6%B5%8B%E8%AF%95&total_fee=0.01&show_url=&body=%E8%BF%99%E6%98%AF%E6%B5%8B%E8%AF%95%E5%95%86%E5%93%81
INFO: [ app_init ] --START--
INFO: Run Behavior\BuildLiteBehavior [ RunTime:0.000033s ]
INFO: [ app_init ] --END-- [ RunTime:0.000955s ]
INFO: [ app_begin ] --START--
INFO: Run Behavior\ReadHtmlCacheBehavior [ RunTime:0.001213s ]
INFO: [ app_begin ] --END-- [ RunTime:0.001356s ]
INFO: [ app_end ] --START--
INFO: Run Behavior\ShowPageTraceBehavior [ RunTime:0.001244s ]
INFO: [ app_end ] --END-- [ RunTime:0.001382s ]

[ 2019-02-25T13:23:36+08:00 ] 192.168.123.57 /alipay/test/index.php/Pay/Payold/wxredrict?out_trade_no=2019225115138437&subject=%E6%B5%8B%E8%AF%95&total_fee=0.01&show_url=&body=%E8%BF%99%E6%98%AF%E6%B5%8B%E8%AF%95%E5%95%86%E5%93%81
INFO: [ app_init ] --START--
INFO: Run Behavior\BuildLiteBehavior [ RunTime:0.000020s ]
INFO: [ app_init ] --END-- [ RunTime:0.000596s ]
INFO: [ app_begin ] --START--
INFO: Run Behavior\ReadHtmlCacheBehavior [ RunTime:0.000767s ]
INFO: [ app_begin ] --END-- [ RunTime:0.000852s ]
INFO: [ app_end ] --START--
INFO: Run Behavior\ShowPageTraceBehavior [ RunTime:0.000780s ]
INFO: [ app_end ] --END-- [ RunTime:0.000867s ]

[ 2019-02-25T13:24:26+08:00 ] 192.168.123.57 /alipay/test/index.php/Pay/Payold/wxredrict?out_trade_no=2019225115138437&subject=%E6%B5%8B%E8%AF%95&total_fee=0.01&show_url=&body=%E8%BF%99%E6%98%AF%E6%B5%8B%E8%AF%95%E5%95%86%E5%93%81
INFO: [ app_init ] --START--
INFO: Run Behavior\BuildLiteBehavior [ RunTime:0.000021s ]
INFO: [ app_init ] --END-- [ RunTime:0.000671s ]
INFO: [ app_begin ] --START--
INFO: Run Behavior\ReadHtmlCacheBehavior [ RunTime:0.000976s ]
INFO: [ app_begin ] --END-- [ RunTime:0.001065s ]
INFO: [ app_end ] --START--
INFO: Run Behavior\ShowPageTraceBehavior [ RunTime:0.000945s ]
INFO: [ app_end ] --END-- [ RunTime:0.001033s ]

[ 2019-02-25T13:25:02+08:00 ] 192.168.123.57 /alipay/test/index.php/Pay/Payold/wxredrict?out_trade_no=2019225115138437&subject=%E6%B5%8B%E8%AF%95&total_fee=0.01&show_url=&body=%E8%BF%99%E6%98%AF%E6%B5%8B%E8%AF%95%E5%95%86%E5%93%81
INFO: [ app_init ] --START--
INFO: Run Behavior\BuildLiteBehavior [ RunTime:0.000032s ]
INFO: [ app_init ] --END-- [ RunTime:0.000918s ]
INFO: [ app_begin ] --START--
INFO: Run Behavior\ReadHtmlCacheBehavior [ RunTime:0.001200s ]
INFO: [ app_begin ] --END-- [ RunTime:0.001338s ]
INFO: [ app_end ] --START--
INFO: Run Behavior\ShowPageTraceBehavior [ RunTime:0.001287s ]
INFO: [ app_end ] --END-- [ RunTime:0.001430s ]

[ 2019-02-25T13:25:06+08:00 ] 192.168.123.57 /alipay/test/index.php/Pay/Payold/wxredrict?out_trade_no=2019225115138437&subject=%E6%B5%8B%E8%AF%95&total_fee=0.01&show_url=&body=%E8%BF%99%E6%98%AF%E6%B5%8B%E8%AF%95%E5%95%86%E5%93%81
INFO: [ app_init ] --START--
INFO: Run Behavior\BuildLiteBehavior [ RunTime:0.000015s ]
INFO: [ app_init ] --END-- [ RunTime:0.000407s ]
INFO: [ app_begin ] --START--
INFO: Run Behavior\ReadHtmlCacheBehavior [ RunTime:0.000517s ]
INFO: [ app_begin ] --END-- [ RunTime:0.000577s ]
INFO: [ app_end ] --START--
INFO: Run Behavior\ShowPageTraceBehavior [ RunTime:0.000537s ]
INFO: [ app_end ] --END-- [ RunTime:0.000597s ]

[ 2019-02-25T13:27:01+08:00 ] 192.168.123.57 /alipay/test/index.php/Pay/Payold/wxredrict?out_trade_no=2019225115138437&subject=%E6%B5%8B%E8%AF%95&total_fee=0.01&show_url=&body=%E8%BF%99%E6%98%AF%E6%B5%8B%E8%AF%95%E5%95%86%E5%93%81
INFO: [ app_init ] --START--
INFO: Run Behavior\BuildLiteBehavior [ RunTime:0.000033s ]
INFO: [ app_init ] --END-- [ RunTime:0.001064s ]
INFO: [ app_begin ] --START--
INFO: Run Behavior\ReadHtmlCacheBehavior [ RunTime:0.000636s ]
INFO: [ app_begin ] --END-- [ RunTime:0.000694s ]
INFO: [ app_end ] --START--
INFO: Run Behavior\ShowPageTraceBehavior [ RunTime:0.000619s ]
INFO: [ app_end ] --END-- [ RunTime:0.000677s ]

[ 2019-02-25T13:27:29+08:00 ] 192.168.123.57 /alipay/test/index.php/Pay/Payold/wxredrict?out_trade_no=2019225115138437&subject=%E6%B5%8B%E8%AF%95&total_fee=0.01&show_url=&body=%E8%BF%99%E6%98%AF%E6%B5%8B%E8%AF%95%E5%95%86%E5%93%81
INFO: [ app_init ] --START--
INFO: Run Behavior\BuildLiteBehavior [ RunTime:0.000016s ]
INFO: [ app_init ] --END-- [ RunTime:0.000645s ]
INFO: [ app_begin ] --START--
INFO: Run Behavior\ReadHtmlCacheBehavior [ RunTime:0.000524s ]
INFO: [ app_begin ] --END-- [ RunTime:0.000585s ]
INFO: [ app_end ] --START--
INFO: Run Behavior\ShowPageTraceBehavior [ RunTime:0.000538s ]
INFO: [ app_end ] --END-- [ RunTime:0.000600s ]

[ 2019-02-25T13:28:18+08:00 ] 192.168.123.57 /alipay/test/index.php/Pay/Payold/wxredrict?out_trade_no=2019225115138437&subject=%E6%B5%8B%E8%AF%95&total_fee=0.01&show_url=&body=%E8%BF%99%E6%98%AF%E6%B5%8B%E8%AF%95%E5%95%86%E5%93%81
INFO: [ app_init ] --START--
INFO: Run Behavior\BuildLiteBehavior [ RunTime:0.000017s ]
INFO: [ app_init ] --END-- [ RunTime:0.000504s ]
INFO: [ app_begin ] --START--
INFO: Run Behavior\ReadHtmlCacheBehavior [ RunTime:0.000657s ]
INFO: [ app_begin ] --END-- [ RunTime:0.000732s ]
INFO: [ app_end ] --START--
INFO: Run Behavior\ShowPageTraceBehavior [ RunTime:0.000677s ]
INFO: [ app_end ] --END-- [ RunTime:0.000751s ]

[ 2019-02-25T13:30:32+08:00 ] 192.168.123.57 /alipay/test/index.php/Pay/Payold/wxredrict?out_trade_no=2019225115138437&subject=%E6%B5%8B%E8%AF%95&total_fee=0.01&show_url=&body=%E8%BF%99%E6%98%AF%E6%B5%8B%E8%AF%95%E5%95%86%E5%93%81
INFO: [ app_init ] --START--
INFO: Run Behavior\BuildLiteBehavior [ RunTime:0.000034s ]
INFO: [ app_init ] --END-- [ RunTime:0.001059s ]
INFO: [ app_begin ] --START--
INFO: Run Behavior\ReadHtmlCacheBehavior [ RunTime:0.005029s ]
INFO: [ app_begin ] --END-- [ RunTime:0.005172s ]
INFO: [ app_end ] --START--
INFO: Run Behavior\ShowPageTraceBehavior [ RunTime:0.001525s ]
INFO: [ app_end ] --END-- [ RunTime:0.001665s ]

[ 2019-02-25T13:30:41+08:00 ] 192.168.123.57 /alipay/test/index.php/Pay/Payold/wxredrict?out_trade_no=2019225115138437&subject=%E6%B5%8B%E8%AF%95&total_fee=0.01&show_url=&body=%E8%BF%99%E6%98%AF%E6%B5%8B%E8%AF%95%E5%95%86%E5%93%81
INFO: [ app_init ] --START--
INFO: Run Behavior\BuildLiteBehavior [ RunTime:0.000022s ]
INFO: [ app_init ] --END-- [ RunTime:0.000585s ]
INFO: [ app_begin ] --START--
INFO: Run Behavior\ReadHtmlCacheBehavior [ RunTime:0.000757s ]
INFO: [ app_begin ] --END-- [ RunTime:0.000843s ]
INFO: [ app_end ] --START--
INFO: Run Behavior\ShowPageTraceBehavior [ RunTime:0.000775s ]
INFO: [ app_end ] --END-- [ RunTime:0.000860s ]

[ 2019-02-25T13:30:48+08:00 ] 192.168.123.57 /alipay/test/index.php/Pay/Payold/wxredrict?out_trade_no=2019225115138437&subject=%E6%B5%8B%E8%AF%95&total_fee=0.01&show_url=&body=%E8%BF%99%E6%98%AF%E6%B5%8B%E8%AF%95%E5%95%86%E5%93%81
INFO: [ app_init ] --START--
INFO: Run Behavior\BuildLiteBehavior [ RunTime:0.000033s ]
INFO: [ app_init ] --END-- [ RunTime:0.000942s ]
INFO: [ app_begin ] --START--
INFO: Run Behavior\ReadHtmlCacheBehavior [ RunTime:0.001217s ]
INFO: [ app_begin ] --END-- [ RunTime:0.001355s ]
INFO: [ app_end ] --START--
INFO: Run Behavior\ShowPageTraceBehavior [ RunTime:0.001258s ]
INFO: [ app_end ] --END-- [ RunTime:0.001395s ]

[ 2019-02-25T14:18:20+08:00 ] 192.168.123.57 /alipay/test/index.php/pay
INFO: [ app_init ] --START--
INFO: Run Behavior\BuildLiteBehavior [ RunTime:0.000021s ]
INFO: [ app_init ] --END-- [ RunTime:0.000659s ]
INFO: [ app_begin ] --START--
INFO: Run Behavior\ReadHtmlCacheBehavior [ RunTime:0.000855s ]
INFO: [ app_begin ] --END-- [ RunTime:0.000933s ]
INFO: [ view_parse ] --START--
INFO: [ template_filter ] --START--
INFO: Run Behavior\ContentReplaceBehavior [ RunTime:0.000071s ]
INFO: [ template_filter ] --END-- [ RunTime:0.000150s ]
INFO: Run Behavior\ParseTemplateBehavior [ RunTime:0.009203s ]
INFO: [ view_parse ] --END-- [ RunTime:0.009281s ]
INFO: [ view_filter ] --START--
INFO: Run Behavior\WriteHtmlCacheBehavior [ RunTime:0.000569s ]
INFO: [ view_filter ] --END-- [ RunTime:0.000623s ]
INFO: [ app_end ] --START--
INFO: Run Behavior\ShowPageTraceBehavior [ RunTime:0.000838s ]
INFO: [ app_end ] --END-- [ RunTime:0.000902s ]

[ 2019-02-25T14:18:22+08:00 ] 192.168.123.57 /alipay/test/index.php/Pay/Payold/index.html
INFO: [ app_init ] --START--
INFO: Run Behavior\BuildLiteBehavior [ RunTime:0.000033s ]
INFO: [ app_init ] --END-- [ RunTime:0.000918s ]
INFO: [ app_begin ] --START--
INFO: Run Behavior\ReadHtmlCacheBehavior [ RunTime:0.001284s ]
INFO: [ app_begin ] --END-- [ RunTime:0.001429s ]

[ 2019-02-25T14:18:22+08:00 ] 192.168.123.57 /alipay/test/index.php/Pay/Payold/wxredrict?out_trade_no=2019225141930266&subject=&total_fee=0.01&show_url=&body=%E8%BF%99%E6%98%AF%E6%B5%8B%E8%AF%95%E5%95%86%E5%93%81
INFO: [ app_init ] --START--
INFO: Run Behavior\BuildLiteBehavior [ RunTime:0.000016s ]
INFO: [ app_init ] --END-- [ RunTime:0.000450s ]
INFO: [ app_begin ] --START--
INFO: Run Behavior\ReadHtmlCacheBehavior [ RunTime:0.000592s ]
INFO: [ app_begin ] --END-- [ RunTime:0.000660s ]
INFO: [ app_end ] --START--
INFO: Run Behavior\ShowPageTraceBehavior [ RunTime:0.000595s ]
INFO: [ app_end ] --END-- [ RunTime:0.000663s ]

[ 2019-02-25T14:19:42+08:00 ] 192.168.123.57 /alipay/test/index.php/pay
INFO: [ app_init ] --START--
INFO: Run Behavior\BuildLiteBehavior [ RunTime:0.000032s ]
INFO: [ app_init ] --END-- [ RunTime:0.000933s ]
INFO: [ app_begin ] --START--
INFO: Run Behavior\ReadHtmlCacheBehavior [ RunTime:0.001212s ]
INFO: [ app_begin ] --END-- [ RunTime:0.001349s ]
INFO: [ view_parse ] --START--
INFO: [ template_filter ] --START--
INFO: Run Behavior\ContentReplaceBehavior [ RunTime:0.000039s ]
INFO: [ template_filter ] --END-- [ RunTime:0.000092s ]
INFO: Run Behavior\ParseTemplateBehavior [ RunTime:0.006303s ]
INFO: [ view_parse ] --END-- [ RunTime:0.006364s ]
INFO: [ view_filter ] --START--
INFO: Run Behavior\WriteHtmlCacheBehavior [ RunTime:0.000277s ]
INFO: [ view_filter ] --END-- [ RunTime:0.000318s ]
INFO: [ app_end ] --START--
INFO: Run Behavior\ShowPageTraceBehavior [ RunTime:0.000514s ]
INFO: [ app_end ] --END-- [ RunTime:0.000561s ]

[ 2019-02-25T14:19:44+08:00 ] 192.168.123.57 /alipay/test/index.php/Pay/Payold/index.html
INFO: [ app_init ] --START--
INFO: Run Behavior\BuildLiteBehavior [ RunTime:0.000014s ]
INFO: [ app_init ] --END-- [ RunTime:0.000388s ]
INFO: [ app_begin ] --START--
INFO: Run Behavior\ReadHtmlCacheBehavior [ RunTime:0.000487s ]
INFO: [ app_begin ] --END-- [ RunTime:0.000549s ]

[ 2019-02-25T14:19:59+08:00 ] 192.168.123.57 /alipay/test/index.php/Pay/Payold/index.html
INFO: [ app_init ] --START--
INFO: Run Behavior\BuildLiteBehavior [ RunTime:0.000016s ]
INFO: [ app_init ] --END-- [ RunTime:0.000458s ]
INFO: [ app_begin ] --START--
INFO: Run Behavior\ReadHtmlCacheBehavior [ RunTime:0.000580s ]
INFO: [ app_begin ] --END-- [ RunTime:0.000648s ]

[ 2019-02-25T14:22:45+08:00 ] 192.168.123.57 /alipay/test/index.php/Pay/Payold/index.html
INFO: [ app_init ] --START--
INFO: Run Behavior\BuildLiteBehavior [ RunTime:0.000015s ]
INFO: [ app_init ] --END-- [ RunTime:0.000469s ]
INFO: [ app_begin ] --START--
INFO: Run Behavior\ReadHtmlCacheBehavior [ RunTime:0.000657s ]
INFO: [ app_begin ] --END-- [ RunTime:0.000716s ]

[ 2019-02-25T14:23:04+08:00 ] 192.168.123.57 /alipay/test/index.php/Pay/Payold/index.html
INFO: [ app_init ] --START--
INFO: Run Behavior\BuildLiteBehavior [ RunTime:0.000018s ]
INFO: [ app_init ] --END-- [ RunTime:0.000515s ]
INFO: [ app_begin ] --START--
INFO: Run Behavior\ReadHtmlCacheBehavior [ RunTime:0.000648s ]
INFO: [ app_begin ] --END-- [ RunTime:0.000724s ]

[ 2019-02-25T14:23:21+08:00 ] 192.168.123.57 /alipay/test/index.php/Pay/Payold/index.html
INFO: [ app_init ] --START--
INFO: Run Behavior\BuildLiteBehavior [ RunTime:0.000017s ]
INFO: [ app_init ] --END-- [ RunTime:0.000508s ]
INFO: [ app_begin ] --START--
INFO: Run Behavior\ReadHtmlCacheBehavior [ RunTime:0.001057s ]
INFO: [ app_begin ] --END-- [ RunTime:0.001136s ]

[ 2019-02-25T14:23:25+08:00 ] 192.168.123.57 /alipay/test/index.php/Pay/Payold/index.html
INFO: [ app_init ] --START--
INFO: Run Behavior\BuildLiteBehavior [ RunTime:0.000020s ]
INFO: [ app_init ] --END-- [ RunTime:0.000574s ]
INFO: [ app_begin ] --START--
INFO: Run Behavior\ReadHtmlCacheBehavior [ RunTime:0.000742s ]
INFO: [ app_begin ] --END-- [ RunTime:0.000830s ]

